Server listening at port 4000
Received message => Message From Client
disconnected
{}
{}
{}
{}
{}
{}
{}
{}
{}
{}
{}
{}
{}
{}
{}
{}
{}
{}
{}
{}
{}
{}
{}
{}
{}
{}
{}
1585625226
{}
{}
{}
{}
{}
{}
{}
{}
{ x: 9.66939640045166,
  y: 0.5335990190505981,
  z: 0.803987979888916,
  update: 1585625239440 }
{ x: -3, update: 1585625240054 }
{ x: 9.698110580444336,
  y: 0.5001000165939331,
  z: 0.8087739944458008,
  update: 1585625240272 }
{ x: 9.69093132019043,
  y: 0.5144569873809814,
  z: 0.849452018737793,
  update: 1585625241488 }
{ x: 9.698110580444336,
  y: 0.49292099475860596,
  z: 0.8231310248374939,
  update: 1585625242337 }
{ x: 9.664610862731934,
  y: 0.5144569873809814,
  z: 0.8350949883460999,
  update: 1585625243458 }
{ x: 9.621540069580078,
  y: 0.5240280032157898,
  z: 0.8709869980812073,
  update: 1585625244570 }
{ x: -3, update: 1585625245074 }
{ x: 9.698110580444336,
  y: 0.569491982460022,
  z: 0.8638089895248413,
  update: 1585625245421 }
{ x: 9.688538551330566,
  y: 0.5407779812812805,
  z: 0.8590229749679565,
  update: 1585625246534 }
{ x: 9.66221809387207,
  y: 0.4977070093154907,
  z: 0.8398810029029846,
  update: 1585625247389 }
{ x: 9.667003631591797,
  y: 0.49052900075912476,
  z: 0.8398810029029846,
  update: 1585625248561 }
{ x: 9.590433120727539,
  y: 0.5670989751815796,
  z: 0.854237973690033,
  update: 1585625249352 }
{ x: -3, update: 1585625250091 }
{ x: 9.626325607299805,
  y: 0.5503489971160889,
  z: 0.8303089737892151,
  update: 1585625250486 }
{ x: 9.745966911315918,
  y: 0.5407779812812805,
  z: 0.8207380175590515,
  update: 1585625251597 }
{ x: 9.7005033493042,
  y: 0.4426720142364502,
  z: 0.849452018737793,
  update: 1585625252454 }
{ x: 2.1511480808258057,
  y: -10.817951202392578,
  z: 2.689532995223999,
  update: 1585625253572 }
{ x: 4.185047149658203,
  y: -7.09711217880249,
  z: 4.034298896789551,
  update: 1585625254408 }
{ x: 86, update: 1585625255143 }
{ x: -2.053041934967041,
  y: 1.7706890106201172,
  z: 9.554540634155273,
  update: 1585625255535 }
{ x: -1.270588994026184,
  y: 3.273380994796753,
  z: 9.65503978729248,
  update: 1585625256373 }
{ x: -0.5503489971160889,
  y: -0.007178000174462795,
  z: 9.07119083404541,
  update: 1585625257520 }
{ x: -0.7178469896316528,
  y: -1.0911270380020142,
  z: 9.69093132019043,
  update: 1585625258382 }
{ x: -0.6364910006523132,
  y: -0.8303089737892151,
  z: 9.705288887023926,
  update: 1585625259462 }
{ x: 84, update: 1585625260127 }
{ x: -0.7178469896316528,
  y: -1.1006979942321777,
  z: 9.724431037902832,
  update: 1585625260587 }
{ x: -0.6987040042877197,
  y: -0.8614159822463989,
  z: 9.688538551330566,
  update: 1585625261434 }
{ x: -0.7058830261230469,
  y: -0.9260219931602478,
  z: 9.80100154876709,
  update: 1585625262562 }
{ x: -0.7728819847106934,
  y: -0.7920240163803101,
  z: 9.77707290649414,
  update: 1585625263449 }
{ x: -0.7896310091018677,
  y: -0.7800599932670593,
  z: 9.674181938171387,
  update: 1585625264518 }
{ x: 82, update: 1585625265145 }
{ x: -0.7633100152015686,
  y: -0.7417749762535095,
  z: 9.635896682739258,
  update: 1585625265370 }
{ x: -0.803987979888916,
  y: -0.7417749762535095,
  z: 9.755537986755371,
  update: 1585625266484 }
{ x: -0.6963109970092773,
  y: -0.7298110127449036,
  z: 9.729216575622559,
  update: 1585625267621 }
{ x: -0.803987979888916,
  y: -0.591027021408081,
  z: 9.667003631591797,
  update: 1585625268514 }
{ x: -0.8087739944458008,
  y: 0.5623130202293396,
  z: 9.590433120727539,
  update: 1585625269590 }
{ x: 82, update: 1585625270192 }
{ x: -0.9547359943389893,
  y: 0.31345999240875244,
  z: 9.753145217895508,
  update: 1585625270433 }
{ x: -0.8446660041809082,
  y: 0.014356999658048153,
  z: 9.827322006225586,
  update: 1585625271546 }
{ x: -1.2370890378952026,
  y: 0.05264199897646904,
  z: 9.891928672790527,
  update: 1585625272399 }
{ x: -1.1868400573730469,
  y: 0.11246299743652344,
  z: 9.7938232421875,
  update: 1585625273578 }
{ x: -1.1006979942321777,
  y: 0.23688900470733643,
  z: 9.745966911315918,
  update: 1585625274637 }
{ x: 83, update: 1585625275188 }
{ x: -1.4141579866409302,
  y: -0.05742799863219261,
  z: 9.702895164489746,
  update: 1585625275492 }
{ x: -1.028913974761963,
  y: 0.19142599403858185,
  z: 9.647860527038574,
  update: 1585625276615 }
{ x: -1.1006979942321777,
  y: -0.09810599684715271,
  z: 9.726823806762695,
  update: 1585625277465 }
{ x: -0.9810569882392883,
  y: 0.03828499838709831,
  z: 9.67657470703125,
  update: 1585625278562 }
{ x: -1.127020001411438,
  y: 0.25124600529670715,
  z: 9.590433120727539,
  update: 1585625279424 }
{ x: 83, update: 1585625280201 }
{ x: -1.069591999053955,
  y: 0.5718849897384644,
  z: 10.03549861907959,
  update: 1585625280544 }
{ x: -1.1964110136032104,
  y: -0.11485499888658524,
  z: 9.54496955871582,
  update: 1585625281664 }
{ x: -1.3208379745483398,
  y: 0.3254239857196808,
  z: 9.762716293334961,
  update: 1585625282514 }
{ x: -1.1318049430847168,
  y: -0.016750000417232513,
  z: 9.798608779907227,
  update: 1585625283665 }
{ x: -1.160519003868103,
  y: -0.04785599932074547,
  z: 9.77707290649414,
  update: 1585625284516 }
{ x: 82, update: 1585625285212 }
{ x: -1.1629120111465454,
  y: -0.08853399753570557,
  z: 9.734003067016602,
  update: 1585625285601 }
1585625286
{ x: -1.1700899600982666,
  y: -0.05742799863219261,
  z: 9.623932838439941,
  update: 1585625286729 }
{ x: -1.2083749771118164,
  y: 0.0813559964299202,
  z: 9.765109062194824,
  update: 1585625287572 }
{ x: 0.33499500155448914,
  y: 0.770488977432251,
  z: 3.950550079345703,
  update: 1585625288675 }
{ x: -5.606382846832275,
  y: -1.710868000984192,
  z: 14.220545768737793,
  update: 1585625289550 }
{ x: 84, update: 1585625290234 }
{ x: -5.510671138763428,
  y: -5.067997932434082,
  z: 13.84487247467041,
  update: 1585625290664 }
{ x: 0.12681999802589417,
  y: -0.6101700067520142,
  z: 1.050449013710022,
  update: 1585625291508 }
{ x: -1.2155539989471436,
  y: 0.9906290173530579,
  z: 9.858428955078125,
  update: 1585625292670 }
{ x: -0.0406779982149601,
  y: 3.3619160652160645,
  z: 8.98265552520752,
  update: 1585625293724 }
{ x: -1.050449013710022,
  y: 3.4887359142303467,
  z: 9.276973724365234,
  update: 1585625294610 }
{ x: 86, update: 1585625295211 }
{ x: -1.3591229915618896,
  y: 3.8333020210266113,
  z: 8.853443145751953,
  update: 1585625295714 }
{ x: -0.6125630140304565,
  y: 3.6897330284118652,
  z: 10.382457733154297,
  update: 1585625296533 }
{ x: -0.9930210113525391,
  y: 4.661219120025635,
  z: 8.910872459411621,
  update: 1585625297780 }
{ x: -1.1964110136032104,
  y: 1.7324039936065674,
  z: 9.492327690124512,
  update: 1585625298790 }
{ x: -1.2921240329742432,
  y: 0.7393820285797119,
  z: 10.272388458251953,
  update: 1585625299667 }
{ x: 84, update: 1585625300329 }
{ x: -0.854237973690033,
  y: -0.7872390151023865,
  z: 9.611968994140625,
  update: 1585625300775 }
{ x: -0.7920240163803101,
  y: -0.8733800053596497,
  z: 9.717252731323242,
  update: 1585625301617 }
{ x: -1.0767699480056763,
  y: -0.8231310248374939,
  z: 9.678967475891113,
  update: 1585625302753 }
{ x: -1.1676969528198242,
  y: -0.8303089737892151,
  z: 9.530611991882324,
  update: 1585625303582 }
{ x: -0.9212369918823242,
  y: -1.095913052558899,
  z: 9.750752449035645,
  update: 1585625304716 }
{ x: 84, update: 1585625305338 }
{ x: -1.0265209674835205,
  y: -0.8781660199165344,
  z: 9.65503978729248,
  update: 1585625305818 }
{ x: -1.1126619577407837,
  y: -0.9355940222740173,
  z: 9.822537422180176,
  update: 1585625306662 }
{ x: -1.20598304271698,
  y: -0.9403790235519409,
  z: 9.437292098999023,
  update: 1585625307794 }
{ x: -0.7848460078239441,
  y: -0.23210400342941284,
  z: 9.80100154876709,
  update: 1585625308620 }
{ x: -0.8733800053596497,
  y: -0.08374900370836258,
  z: 9.817750930786133,
  update: 1585625309757 }
{ x: 84, update: 1585625310286 }
{ x: -1.0767699480056763,
  y: -0.7752749919891357,
  z: 9.458827018737793,
  update: 1585625310586 }
{ x: -1.138983964920044,
  y: -0.6699900031089783,
  z: 9.633503913879395,
  update: 1585625311725 }
{ x: -0.9188439846038818,
  y: -0.8327019810676575,
  z: 9.734003067016602,
  update: 1585625312843 }
{ x: -1.0887340307235718,
  y: -0.8518450260162354,
  z: 9.774680137634277,
  update: 1585625313729 }
{ x: -1.0313069820404053,
  y: -0.8398810029029846,
  z: 9.731609344482422,
  update: 1585625314821 }
{ x: 83, update: 1585625315318 }
{ x: -0.9475579857826233,
  y: -0.8183450102806091,
  z: 9.729216575622559,
  update: 1585625315645 }
{ x: -0.959522008895874,
  y: -0.8446660041809082,
  z: 9.614361763000488,
  update: 1585625316772 }
{ x: -2.201396942138672,
  y: 0.6197410225868225,
  z: 8.908478736877441,
  update: 1585625317900 }
{ x: 0.004786000121384859,
  y: 1.574476957321167,
  z: 9.784252166748047,
  update: 1585625318734 }
{ x: -0.9188439846038818,
  y: 1.9046870470046997,
  z: 9.530611991882324,
  update: 1585625319883 }
{ x: 83, update: 1585625320351 }
{ x: -1.160519003868103,
  y: 1.6247270107269287,
  z: 9.525827407836914,
  update: 1585625320702 }
{ x: -1.330409049987793,
  y: 1.5936199426651,
  z: 9.422934532165527,
  update: 1585625321837 }
{ x: -1.0743769407272339,
  y: 1.8903299570083618,
  z: 9.592825889587402,
  update: 1585625322680 }
{ x: -1.1700899600982666,
  y: 2.3330020904541016,
  z: 9.81535816192627,
  update: 1585625323801 }
{ x: -1.2610169649124146,
  y: 1.4428720474243164,
  z: 9.678967475891113,
  update: 1585625324918 }
{ x: 84, update: 1585625325334 }
{ x: -1.2083749771118164,
  y: 1.51705002784729,
  z: 9.530611991882324,
  update: 1585625325763 }
{ x: -0.035891998559236526,
  y: 3.6323049068450928,
  z: 8.700303077697754,
  update: 1585625326891 }
{ x: -0.25363901257514954,
  y: 2.9240291118621826,
  z: 9.475577354431152,
  update: 1585625327736 }
{ x: -0.7441679835319519,
  y: 2.1296119689941406,
  z: 9.53779125213623,
  update: 1585625328850 }
{ x: -0.16749800741672516,
  y: 5.168497085571289,
  z: 8.01356315612793,
  update: 1585625329709 }
{ x: 86, update: 1585625330371 }
{ x: -1.0217349529266357,
  y: 4.625326156616211,
  z: 8.250452041625977,
  update: 1585625330824 }
{ x: -1.5553350448608398,
  y: 3.3164520263671875,
  z: 9.17886734008789,
  update: 1585625331090 }
1585625346
1585625406
1585625466
1585625526
1585625586
1585625646
1585625706
1585625766
1585625826
1585625886
1585625946
1585626006
1585626066
1585626126
1585626186
1585626246
1585626306
1585626366
1585626426
1585626486
1585626546
1585626606
1585626666
1585626726
1585626786
1585626846
{ device:
   { name: 'SanCheong PASS', mac: 'BB:A0:50:C2:82:D2', rssi: -69 },
  gatt:
   { service: 'Notify',
     hex: '10 02 00 00 00 01 04 10 03 ',
     characteristic: '0003cdd1-0000-1000-8000-00805f9b0131',
     timestamp: 1585626885613 } }
{ device:
   { name: 'SanCheong PASS', mac: 'BB:A0:50:C2:82:D2', rssi: -69 },
  gatt:
   { service: 'Notify',
     hex: '10 02 00 00 00 01 03 10 03 ',
     characteristic: '0003cdd1-0000-1000-8000-00805f9b0131',
     timestamp: 1585626887658 } }
1585626906
{ device:
   { name: 'SanCheong PASS', mac: 'BB:A0:50:C2:82:D2', rssi: -93 },
  gatt:
   { service: 'Notify',
     hex: '10 02 00 00 00 01 03 10 03 ',
     characteristic: '0003cdd1-0000-1000-8000-00805f9b0131',
     timestamp: 1585626945639 } }
{ device:
   { name: 'SanCheong PASS', mac: 'BB:A0:50:C2:82:D2', rssi: -93 },
  gatt:
   { service: 'Notify',
     hex: '10 02 00 00 00 01 03 10 03 ',
     characteristic: '0003cdd1-0000-1000-8000-00805f9b0131',
     timestamp: 1585626947628 } }
{ device:
   { name: 'SanCheong PASS', mac: 'BB:A0:50:C2:82:D2', rssi: -93 },
  gatt:
   { service: 'Notify',
     hex: '10 02 00 00 00 01 03 10 03 ',
     characteristic: '0003cdd1-0000-1000-8000-00805f9b0131',
     timestamp: 1585626949624 } }
{ device:
   { name: 'SanCheong PASS', mac: 'BB:A0:50:C2:82:D2', rssi: -93 },
  gatt:
   { service: 'Notify',
     hex: '10 02 00 00 00 01 03 10 03 ',
     characteristic: '0003cdd1-0000-1000-8000-00805f9b0131',
     timestamp: 1585626951619 } }
{ device:
   { name: 'SanCheong PASS', mac: 'BB:A0:50:C2:82:D2', rssi: -93 },
  gatt:
   { service: 'Notify',
     hex: '10 02 00 00 00 01 03 10 03 ',
     characteristic: '0003cdd1-0000-1000-8000-00805f9b0131',
     timestamp: 1585626953617 } }
{ device:
   { name: 'SanCheong PASS', mac: 'BB:A0:50:C2:82:D2', rssi: -93 },
  gatt:
   { service: 'Notify',
     hex: '10 02 00 00 00 01 03 10 03 ',
     characteristic: '0003cdd1-0000-1000-8000-00805f9b0131',
     timestamp: 1585626955607 } }
{ device:
   { name: 'SanCheong PASS', mac: 'BB:A0:50:C2:82:D2', rssi: -93 },
  gatt:
   { service: 'Notify',
     hex: '10 02 00 00 00 01 03 10 03 ',
     characteristic: '0003cdd1-0000-1000-8000-00805f9b0131',
     timestamp: 1585626957604 } }
{ device:
   { name: 'SanCheong PASS', mac: 'BB:A0:50:C2:82:D2', rssi: -93 },
  gatt:
   { service: 'Notify',
     hex: '10 02 00 00 00 01 04 10 03 ',
     characteristic: '0003cdd1-0000-1000-8000-00805f9b0131',
     timestamp: 1585626959600 } }
{ device:
   { name: 'SanCheong PASS', mac: 'BB:A0:50:C2:82:D2', rssi: -93 },
  gatt:
   { service: 'Notify',
     hex: '10 02 00 00 00 01 04 10 03 ',
     characteristic: '0003cdd1-0000-1000-8000-00805f9b0131',
     timestamp: 1585626961600 } }
{ device:
   { name: 'SanCheong PASS', mac: 'BB:A0:50:C2:82:D2', rssi: -93 },
  gatt:
   { service: 'Notify',
     hex: '10 02 00 00 00 01 03 10 03 ',
     characteristic: '0003cdd1-0000-1000-8000-00805f9b0131',
     timestamp: 1585626963599 } }
1585626966
{ device:
   { name: 'SanCheong PASS', mac: 'BB:A0:50:C2:82:D2', rssi: -93 },
  gatt:
   { service: 'Notify',
     hex: '10 02 00 00 00 01 03 10 03 ',
     characteristic: '0003cdd1-0000-1000-8000-00805f9b0131',
     timestamp: 1585626965630 } }
{ device:
   { name: 'SanCheong PASS', mac: 'BB:A0:50:C2:82:D2', rssi: -93 },
  gatt:
   { service: 'Notify',
     hex: '10 02 00 00 00 01 03 10 03 ',
     characteristic: '0003cdd1-0000-1000-8000-00805f9b0131',
     timestamp: 1585626967626 } }
{ device:
   { name: 'SanCheong PASS', mac: 'BB:A0:50:C2:82:D2', rssi: -93 },
  gatt:
   { service: 'Notify',
     hex: '10 02 00 00 00 01 03 10 03 ',
     characteristic: '0003cdd1-0000-1000-8000-00805f9b0131',
     timestamp: 1585626969622 } }
{ device:
   { name: 'SanCheong PASS', mac: 'BB:A0:50:C2:82:D2', rssi: -93 },
  gatt:
   { service: 'Notify',
     hex: '10 02 00 00 00 01 03 10 03 ',
     characteristic: '0003cdd1-0000-1000-8000-00805f9b0131',
     timestamp: 1585626971617 } }
{ device:
   { name: 'SanCheong PASS', mac: 'BB:A0:50:C2:82:D2', rssi: -93 },
  gatt:
   { service: 'Notify',
     hex: '10 02 00 00 00 01 03 10 03 ',
     characteristic: '0003cdd1-0000-1000-8000-00805f9b0131',
     timestamp: 1585626973610 } }
{ device:
   { name: 'SanCheong PASS', mac: 'BB:A0:50:C2:82:D2', rssi: -93 },
  gatt:
   { service: 'Notify',
     hex: '10 02 00 00 00 01 03 10 03 ',
     characteristic: '0003cdd1-0000-1000-8000-00805f9b0131',
     timestamp: 1585626975606 } }
1585627026
1585627086
1585627146
1585627206
1585627266
1585627326
1585627386
1585627446
1585627506
1585627566
1585627626
1585627686
1585627746
1585627806
1585627866
1585627926
Server listening at port 4000
Received message => Message to send
1585628006
1585628066
1585628126
Server listening at port 4000
Received message => Message to send
Received message => Message to send
Received message => Message to send
Received message => Message From Client
1585628201
Received message => Message to send
Server listening at port 4000
1585628289
1585628349
1585628409
1585628469
1585628529
1585628589
1585628649
1585628709
1585628769
{ x: 1.2155539989471436,
  y: -0.47377899289131165,
  z: 9.714859962463379,
  update: 1585628821684 }
{ x: 1.239482045173645,
  y: -0.4977070093154907,
  z: 9.738788604736328,
  update: 1585628822368 }
{ x: 1.2418750524520874,
  y: -0.4450649917125702,
  z: 9.724431037902832,
  update: 1585628823468 }
{ x: -3, update: 1585628824642 }
{ x: 1.229910969734192,
  y: -0.45463600754737854,
  z: 9.719646453857422,
  update: 1585628824519 }
{ x: 1.2346960306167603,
  y: -0.5312070250511169,
  z: 9.714859962463379,
  update: 1585628825549 }
{ x: 1.2251249551773071,
  y: -0.5048859715461731,
  z: 9.69093132019043,
  update: 1585628826288 }
1585628829
1585628889
1585628949
1585629009
1585629069
1585629129
1585629189
1585629249
1585629309
1585629369
1585629429
1585629489
1585629549
1585629609
1585629669
1585629729
1585629789
1585629849
1585629909
1585629969
1585630029
1585630089
1585630149
{ x: 0.5790629982948303,
  y: -0.5359920263290405,
  z: 9.80817985534668,
  update: 1585630184419 }
{ x: 0.5455639958381653,
  y: -0.5599200129508972,
  z: 9.865608215332031,
  update: 1585630185455 }
{ x: 0.5096709728240967,
  y: -0.5359920263290405,
  z: 9.827322006225586,
  update: 1585630186524 }
{ x: 135, update: 1585630187103 }
{ x: 0.5455639958381653,
  y: -0.5455639958381653,
  z: 9.757929801940918,
  update: 1585630187612 }
{ x: 0.47617200016975403,
  y: -0.5551350116729736,
  z: 9.848857879638672,
  update: 1585630188647 }
{ x: 0.5670989751815796,
  y: -0.5527420043945312,
  z: 9.82971477508545,
  update: 1585630189656 }
{ x: 0.8207380175590515,
  y: -0.4259220063686371,
  z: 9.812965393066406,
  update: 1585630190709 }
{ x: 0.8111670017242432,
  y: -0.41395801305770874,
  z: 9.81057357788086,
  update: 1585630191436 }
{ x: 138, update: 1585630192252 }
{ x: 0.7920240163803101,
  y: -0.47377899289131165,
  z: 9.803394317626953,
  update: 1585630192469 }
{ x: 0.7609180212020874,
  y: -0.47617200016975403,
  z: 9.803394317626953,
  update: 1585630193519 }
{ x: 0.7465609908103943,
  y: -0.4809570014476776,
  z: 9.817750930786133,
  update: 1585630194649 }
{ x: 0.5168499946594238,
  y: -0.6771690249443054,
  z: 9.958927154541016,
  update: 1585630195634 }
{ x: -0.5551350116729736,
  y: 5.716454029083252,
  z: 5.477169990539551,
  update: 1585630196630 }
{ x: -3, update: 1585630197118 }
{ x: 0.7106680274009705,
  y: 7.051648139953613,
  z: 7.405786037445068,
  update: 1585630197651 }
{ x: 1.0983059406280518,
  y: 7.070790767669678,
  z: 6.87218713760376,
  update: 1585630198745 }
{ x: 0.5551350116729736,
  y: 7.159326076507568,
  z: 7.046863079071045,
  update: 1585630199788 }
{ x: 1.062412977218628,
  y: 7.171288967132568,
  z: 6.563511848449707,
  update: 1585630200469 }
{ x: 1.050449013710022,
  y: 7.121038913726807,
  z: 6.460620880126953,
  update: 1585630201528 }
{ x: -3, update: 1585630202065 }
{ x: 0.9188439846038818,
  y: 7.372286796569824,
  z: 6.283553123474121,
  update: 1585630202598 }
{ x: 3.036492109298706,
  y: 5.833702087402344,
  z: 7.489534854888916,
  update: 1585630203642 }
{ x: 5.017748832702637,
  y: 6.996613025665283,
  z: 5.56331205368042,
  update: 1585630204706 }
{ x: 7.238288879394531,
  y: 7.802995204925537,
  z: 7.192824840545654,
  update: 1585630205715 }
{ x: -0.8614159822463989,
  y: 3.5557351112365723,
  z: 9.743573188781738,
  update: 1585630206787 }
{ x: 0, update: 1585630207224 }
{ x: -1.5218349695205688,
  y: 0.11964099854230881,
  z: 9.588040351867676,
  update: 1585630207852 }
{ x: -1.330409049987793,
  y: 0.30867400765419006,
  z: 9.848857879638672,
  update: 1585630208871 }
1585630209
{ x: -1.062412977218628,
  y: 1.7682960033416748,
  z: 9.812965393066406,
  update: 1585630209588 }
{ x: 0.19860400259494781,
  y: 0.9188439846038818,
  z: 9.999605178833008,
  update: 1585630210601 }
{ x: 0.0598209984600544,
  y: 1.2897319793701172,
  z: 9.678967475891113,
  update: 1585630211689 }
{ x: -3, update: 1585630212101 }
{ x: -0.04785599932074547,
  y: 0.8949159979820251,
  z: 9.836893081665039,
  update: 1585630212724 }
{ x: -0.2584249973297119,
  y: 1.081555962562561,
  z: 9.868000030517578,
  update: 1585630213756 }
{ x: -0.03828499838709831,
  y: 1.0480560064315796,
  z: 9.640682220458984,
  update: 1585630214466 }
{ x: -0.4881359934806824,
  y: 0.8015959858894348,
  z: 9.901500701904297,
  update: 1585630215864 }
{ x: 1.0671989917755127,
  y: 3.816551923751831,
  z: 7.546963214874268,
  update: 1585630216571 }
{ x: -3, update: 1585630217100 }
{ x: 0.48335000872612,
  y: 3.7591240406036377,
  z: 9.10229778289795,
  update: 1585630217768 }
{ x: 1.6127630472183228,
  y: 4.802394866943359,
  z: 8.556733131408691,
  update: 1585630218870 }
{ x: -0.7920240163803101,
  y: 0.5982059836387634,
  z: 9.652647018432617,
  update: 1585630219704 }
{ x: -0.6388840079307556,
  y: 0.24885399639606476,
  z: 9.789037704467773,
  update: 1585630220779 }
{ x: -0.6173480153083801,
  y: 2.3808579444885254,
  z: 9.533005714416504,
  update: 1585630221800 }
{ x: -3, update: 1585630222127 }
{ x: -0.12681999802589417,
  y: 4.027121067047119,
  z: 9.169296264648438,
  update: 1585630222538 }
{ x: -0.47617200016975403,
  y: 3.538985013961792,
  z: 9.305686950683594,
  update: 1585630223611 }
{ x: -1.062412977218628,
  y: 3.2231318950653076,
  z: 9.06401252746582,
  update: 1585630224621 }
{ x: -1.016950011253357,
  y: 3.56530499458313,
  z: 8.908478736877441,
  update: 1585630225730 }
{ x: -1.2155539989471436,
  y: 3.4552359580993652,
  z: 9.157332420349121,
  update: 1585630226774 }
{ x: -3, update: 1585630227150 }
{ x: -1.1437690258026123,
  y: 3.373879909515381,
  z: 9.140583038330078,
  update: 1585630227768 }
{ x: -1.5337990522384644,
  y: 2.6321051120758057,
  z: 8.59501838684082,
  update: 1585630228891 }
{ x: -1.6797610521316528,
  y: 3.208775043487549,
  z: 9.08554744720459,
  update: 1585630229866 }
{ x: -0.48335000872612,
  y: 1.684546947479248,
  z: 9.997212409973145,
  update: 1585630230572 }
{ x: -0.4570290148258209,
  y: 1.8687939643859863,
  z: 9.657432556152344,
  update: 1585630231678 }
{ x: -3, update: 1585630232283 }
{ x: -0.3852440118789673,
  y: 2.03629207611084,
  z: 9.497113227844238,
  update: 1585630232339 }
{ x: 0, update: 1585630233215 }
{ x: -0.4259220063686371,
  y: 2.3425729274749756,
  z: 9.482755661010742,
  update: 1585630233631 }
{ x: -1.1365909576416016,
  y: 2.313858985900879,
  z: 9.501898765563965,
  update: 1585630234723 }
{ x: -0.9954140186309814,
  y: 3.5988049507141113,
  z: 8.47059154510498,
  update: 1585630235691 }
{ x: -1.194018006324768,
  y: 2.5363919734954834,
  z: 9.45164966583252,
  update: 1585630236888 }
{ x: 0.43070799112319946,
  y: 1.4763720035552979,
  z: 9.439685821533203,
  update: 1585630237801 }
{ x: 0, update: 1585630238169 }
{ x: 0.6221339702606201,
  y: 0.5072780251502991,
  z: 9.743573188781738,
  update: 1585630238869 }
{ x: -1.0097709894180298,
  y: 1.6031910181045532,
  z: 9.533005714416504,
  update: 1585630239929 }
{ x: -2.0602200031280518,
  y: -0.2991029918193817,
  z: 9.530611991882324,
  update: 1585630240987 }
{ x: -1.9262219667434692,
  y: -0.25363901257514954,
  z: 9.473184585571289,
  update: 1585630242028 }
{ x: -2.390429973602295,
  y: -0.9403790235519409,
  z: 9.45164966583252,
  update: 1585630243081 }
{ x: 0, update: 1585630243147 }
{ x: -2.335395097732544,
  y: -0.9236289858818054,
  z: 9.489934921264648,
  update: 1585630243807 }
{ x: -2.495713949203491,
  y: -0.8662019968032837,
  z: 9.458827018737793,
  update: 1585630244826 }
{ x: -2.510071039199829,
  y: -0.7680960297584534,
  z: 9.504291534423828,
  update: 1585630245875 }
{ x: -2.579463005065918,
  y: -0.7274180054664612,
  z: 9.597611427307129,
  update: 1585630246962 }
{ x: -2.2683959007263184,
  y: -1.028913974761963,
  z: 9.243474006652832,
  update: 1585630247970 }
{ x: 0, update: 1585630248167 }
{ x: -2.47896409034729,
  y: -0.21535399556159973,
  z: 9.523433685302734,
  update: 1585630249052 }
{ x: -2.234895944595337,
  y: -0.8159530162811279,
  z: 9.609575271606445,
  update: 1585630249732 }
{ x: -2.287539005279541,
  y: -0.2991029918193817,
  z: 9.53539752960205,
  update: 1585630250851 }
{ x: -2.2229321002960205,
  y: -0.6508479714393616,
  z: 9.470791816711426,
  update: 1585630251920 }
{ x: -0.8350949883460999,
  y: -3.5198419094085693,
  z: 5.888737201690674,
  update: 1585630252969 }
{ x: 83, update: 1585630253158 }
{ x: -1.28255295753479,
  y: -0.7537389993667603,
  z: 9.65503978729248,
  update: 1585630254049 }
{ x: -1.885543942451477,
  y: -1.9238289594650269,
  z: 9.951749801635742,
  update: 1585630255032 }
{ x: -2.014756917953491,
  y: -3.5557351112365723,
  z: 8.930014610290527,
  update: 1585630256097 }
{ x: -2.0745770931243896,
  y: -2.995814085006714,
  z: 9.099905014038086,
  update: 1585630257152 }
{ x: 81, update: 1585630258164 }
{ x: -2.146362066268921,
  y: -3.108275890350342,
  z: 9.047262191772461,
  update: 1585630258232 }
{ x: -2.1942179203033447,
  y: -3.1728830337524414,
  z: 9.066404342651367,
  update: 1585630259226 }
{ x: -2.1990039348602295,
  y: -2.3234310150146484,
  z: 9.724431037902832,
  update: 1585630259960 }
{ x: -0.200996994972229,
  y: -0.08374900370836258,
  z: 9.889535903930664,
  update: 1585630261002 }
1585630269
1585630329
1585630389
1585630449
1585630509
1585630569
1585630629
1585630689
1585630749
1585630809
1585630869
1585630929
1585630989
1585631049
1585631109
1585631169
1585631229
1585631289
1585631349
1585631409
1585631469
1585631529
1585631589
1585631649
1585631709
1585631769
1585631829
1585631889
1585631949
1585632009
1585632069
1585632129
1585632189
1585632249
1585632309
1585632369
1585632429
1585632489
1585632549
1585632609
1585632669
1585632729
1585632789
1585632849
1585632909
1585632969
1585633029
1585633089
1585633149
1585633209
1585633269
1585633329
1585633389
1585633449
1585633510
1585633570
1585633630
1585633690
1585633750
1585633810
1585633870
1585633930
1585633990
1585634050
1585634110
1585634170
1585634230
1585634290
1585634350
1585634410
1585634470
1585634530
1585634590
1585634650
1585634710
1585634770
1585634830
1585634890
1585634950
1585635010
1585635070
1585635130
1585635190
1585635250
1585635310
1585635370
1585635430
1585635490
1585635550
1585635610
1585635670
1585635730
1585635790
1585635850
1585635910
1585635970
1585636030
1585636090
1585636150
1585636210
1585636270
1585636330
1585636390
1585636450
1585636510
1585636570
1585636630
1585636690
1585636750
1585636810
1585636870
1585636930
1585636990
1585637050
1585637110
1585637170
1585637230
1585637290
1585637350
1585637410
1585637470
1585637530
1585637590
1585637650
1585637710
1585637770
1585637830
1585637890
1585637950
1585638010
1585638070
1585638130
1585638190
1585638250
1585638310
1585638370
1585638430
1585638490
1585638550
1585638610
1585638670
1585638730
1585638790
1585638850
1585638910
1585638970
1585639030
1585639090
1585639150
1585639210
1585639270
1585639330
1585639390
1585639450
1585639510
1585639570
1585639630
1585639690
1585639750
1585639810
1585639870
1585639930
1585639990
1585640050
1585640110
1585640170
1585640230
1585640290
1585640350
1585640410
1585640470
1585640530
1585640590
1585640650
1585640710
1585640770
1585640830
1585640890
1585640950
1585641010
1585641070
1585641130
1585641190
1585641250
1585641310
1585641370
1585641430
1585641490
1585641550
1585641610
1585641670
1585641730
1585641790
1585641850
1585641910
1585641970
1585642030
1585642090
1585642150
1585642210
1585642270
1585642330
1585642390
1585642450
1585642510
1585642570
1585642630
1585642690
1585642750
1585642810
1585642870
1585642930
1585642990
1585643050
1585643110
1585643170
1585643230
1585643290
1585643350
1585643410
1585643470
1585643530
1585643590
1585643650
1585643710
1585643770
1585643830
1585643890
1585643950
1585644010
1585644070
1585644130
1585644190
1585644250
1585644310
1585644370
1585644430
1585644490
1585644550
1585644610
1585644670
1585644730
1585644790
1585644850
1585644910
1585644970
1585645030
1585645090
1585645150
1585645210
1585645270
1585645330
1585645390
1585645450
1585645510
1585645570
1585645630
1585645690
1585645750
1585645810
1585645870
1585645930
1585645990
1585646050
1585646110
1585646170
1585646230
1585646290
1585646350
1585646410
1585646470
1585646530
1585646590
1585646650
1585646710
1585646770
1585646830
1585646890
1585646950
1585647010
1585647070
1585647130
1585647190
1585647250
1585647310
1585647370
1585647430
1585647490
1585647550
1585647610
1585647670
1585647730
1585647790
1585647850
1585647910
1585647970
1585648030
1585648090
1585648150
1585648210
1585648270
1585648330
1585648390
1585648450
1585648510
1585648570
1585648630
1585648690
1585648750
1585648810
1585648870
1585648930
1585648990
1585649050
1585649110
1585649170
1585649230
1585649290
1585649350
1585649410
1585649470
1585649530
1585649590
1585649650
1585649710
1585649770
1585649830
1585649890
1585649950
1585650010
1585650070
1585650130
1585650190
1585650250
1585650310
1585650370
1585650430
1585650490
1585650550
1585650610
1585650670
1585650730
1585650790
1585650850
1585650910
1585650970
1585651030
1585651090
1585651150
1585651210
1585651270
1585651330
1585651390
1585651450
1585651510
1585651570
1585651630
1585651690
1585651750
1585651810
1585651870
1585651930
1585651990
1585652050
1585652110
1585652170
1585652230
1585652290
1585652350
1585652410
1585652470
1585652530
1585652590
1585652650
1585652710
1585652770
1585652830
1585652890
1585652950
1585653010
1585653070
1585653130
1585653190
1585653250
1585653310
1585653370
1585653430
1585653490
1585653550
1585653610
1585653670
1585653730
1585653790
1585653850
1585653910
1585653970
1585654030
1585654090
1585654150
1585654210
1585654270
1585654330
1585654390
1585654450
1585654510
1585654570
1585654630
1585654690
1585654750
1585654810
1585654870
1585654930
1585654990
1585655050
1585655110
1585655170
1585655230
1585655290
1585655350
1585655410
1585655470
1585655530
1585655590
1585655650
1585655710
1585655770
1585655830
1585655890
1585655950
1585656010
1585656070
1585656130
1585656190
1585656250
1585656310
1585656370
1585656430
1585656490
1585656550
1585656610
1585656670
1585656730
1585656790
1585656850
1585656910
1585656970
1585657030
1585657090
1585657150
1585657210
1585657270
1585657330
1585657390
1585657450
1585657510
1585657570
1585657630
1585657690
1585657750
1585657810
1585657870
1585657930
1585657990
1585658050
1585658110
1585658170
1585658230
1585658290
1585658350
1585658410
1585658470
1585658530
1585658590
1585658650
1585658710
1585658770
1585658830
1585658890
1585658950
1585659010
1585659070
1585659130
1585659190
1585659250
1585659310
1585659370
1585659430
1585659490
1585659550
1585659610
1585659670
1585659730
1585659790
1585659850
1585659910
1585659970
1585660030
1585660090
1585660150
1585660210
1585660270
1585660330
1585660390
1585660450
1585660510
1585660570
1585660630
1585660690
1585660750
1585660810
1585660870
1585660930
1585660990
1585661050
1585661110
1585661170
1585661230
1585661290
1585661350
1585661410
1585661470
1585661530
1585661590
1585661650
1585661710
1585661770
1585661830
1585661890
1585661950
1585662010
1585662070
1585662130
1585662190
1585662250
1585662310
1585662370
1585662430
1585662490
1585662550
1585662610
1585662670
1585662731
1585662791
1585662851
1585662911
1585662971
1585663031
1585663091
1585663151
1585663211
1585663271
1585663331
1585663391
1585663451
1585663511
1585663571
1585663631
1585663691
1585663751
1585663811
1585663871
1585663931
1585663991
1585664051
1585664111
1585664171
1585664231
1585664291
1585664351
1585664411
1585664471
1585664531
1585664591
1585664651
1585664711
1585664771
1585664831
1585664891
1585664951
1585665011
1585665071
1585665131
1585665191
1585665251
1585665311
1585665371
1585665431
1585665491
1585665551
1585665611
1585665671
1585665731
1585665791
1585665851
1585665911
1585665971
1585666031
1585666091
1585666151
1585666211
1585666271
1585666331
1585666391
1585666451
1585666511
1585666571
1585666631
1585666691
1585666751
1585666811
1585666871
1585666931
1585666991
1585667051
1585667111
1585667171
1585667231
1585667291
1585667351
1585667411
1585667471
1585667531
1585667591
1585667651
1585667711
1585667771
1585667831
1585667891
1585667951
1585668011
1585668071
1585668131
1585668191
1585668251
1585668311
1585668371
1585668431
1585668491
1585668551
1585668611
1585668671
1585668731
1585668791
1585668851
1585668911
1585668971
1585669031
1585669091
1585669151
1585669211
1585669271
1585669331
1585669391
1585669451
1585669511
1585669571
1585669631
1585669691
1585669751
1585669811
1585669871
1585669931
1585669991
1585670051
1585670111
1585670171
1585670231
1585670291
1585670351
1585670411
1585670471
1585670531
1585670591
1585670651
1585670711
1585670771
1585670831
1585670891
1585670951
1585671011
1585671071
1585671131
1585671191
1585671251
1585671311
1585671371
1585671431
1585671491
1585671551
1585671611
1585671671
1585671731
1585671791
1585671851
1585671911
1585671971
1585672031
1585672091
1585672151
1585672211
1585672271
1585672331
1585672391
1585672451
1585672511
1585672571
1585672631
1585672691
1585672751
1585672811
1585672871
1585672931
1585672991
1585673051
1585673111
1585673171
1585673231
1585673291
1585673351
1585673411
1585673471
1585673531
1585673591
1585673651
1585673711
1585673771
1585673831
1585673891
1585673951
1585674011
1585674071
1585674131
1585674191
1585674251
1585674311
1585674371
1585674431
1585674491
1585674551
1585674611
1585674671
1585674731
1585674791
1585674851
1585674911
1585674971
1585675031
1585675091
1585675151
1585675211
1585675271
1585675331
1585675391
1585675451
1585675511
1585675571
1585675631
1585675691
1585675751
1585675811
1585675871
1585675931
1585675991
1585676051
1585676111
1585676171
1585676231
1585676291
1585676351
1585676411
1585676471
1585676531
1585676591
1585676651
1585676711
1585676771
1585676831
1585676891
1585676951
1585677011
1585677071
1585677131
1585677191
1585677251
1585677311
1585677371
1585677431
1585677491
1585677551
1585677611
1585677671
1585677731
1585677791
1585677851
1585677911
1585677971
1585678031
1585678091
1585678151
1585678211
1585678271
1585678331
1585678391
1585678451
1585678511
1585678571
1585678631
1585678691
1585678751
1585678811
1585678871
1585678931
1585678991
1585679051
1585679111
1585679171
1585679231
1585679291
1585679351
1585679411
1585679471
1585679531
1585679591
1585679651
1585679711
1585679771
1585679831
1585679891
1585679951
1585680011
1585680071
1585680131
1585680191
1585680251
1585680311
1585680371
1585680431
1585680491
1585680551
1585680611
1585680671
1585680731
1585680791
1585680851
1585680911
1585680971
1585681031
1585681091
1585681151
1585681211
1585681271
1585681331
1585681391
1585681451
1585681511
1585681571
1585681631
1585681691
1585681751
1585681811
1585681871
1585681931
1585681991
1585682051
1585682111
1585682171
1585682231
1585682291
1585682351
1585682411
1585682471
1585682531
1585682591
1585682651
1585682711
1585682771
1585682831
1585682891
1585682951
1585683011
1585683071
1585683131
1585683191
1585683251
1585683311
1585683371
1585683431
1585683491
1585683551
1585683611
1585683671
1585683731
1585683791
1585683851
1585683911
1585683971
1585684031
1585684091
1585684151
1585684211
1585684271
1585684331
1585684391
1585684451
1585684511
1585684571
1585684631
1585684691
1585684751
1585684811
1585684871
1585684931
1585684991
1585685051
1585685111
1585685171
1585685231
1585685291
1585685351
1585685411
1585685471
1585685531
1585685591
1585685651
1585685711
1585685771
1585685831
1585685891
1585685951
1585686011
1585686071
1585686131
1585686191
1585686251
1585686311
1585686371
1585686431
1585686491
1585686551
1585686611
1585686671
1585686731
1585686791
1585686851
1585686911
1585686971
1585687031
1585687091
1585687151
1585687211
1585687271
1585687331
1585687391
1585687451
1585687511
1585687571
1585687631
1585687691
1585687751
1585687811
1585687871
1585687931
1585687991
1585688051
1585688111
1585688171
1585688231
1585688291
1585688351
1585688411
1585688471
1585688531
1585688591
1585688651
1585688711
1585688771
1585688831
1585688891
1585688951
1585689011
1585689071
1585689131
1585689191
1585689251
1585689311
1585689371
1585689431
1585689491
1585689551
1585689611
1585689671
1585689731
1585689791
1585689851
1585689911
1585689971
1585690031
1585690091
1585690151
1585690211
1585690272
1585690332
1585690392
1585690452
1585690512
1585690572
1585690632
1585690692
1585690752
1585690812
1585690872
1585690932
1585690992
1585691052
1585691112
1585691172
1585691232
1585691292
1585691352
1585691412
1585691472
1585691532
1585691592
1585691652
1585691712
1585691772
1585691832
1585691892
1585691952
1585692012
1585692072
1585692132
1585692192
1585692252
1585692312
1585692372
1585692432
1585692492
1585692552
1585692612
1585692672
1585692732
1585692792
1585692852
1585692912
1585692972
1585693032
1585693092
1585693152
1585693212
1585693272
1585693332
1585693392
1585693452
1585693512
1585693572
1585693632
1585693692
1585693752
1585693812
1585693872
1585693932
1585693992
1585694052
1585694112
1585694172
1585694232
1585694292
1585694352
1585694412
1585694472
1585694532
1585694592
1585694652
1585694712
1585694772
1585694832
1585694892
1585694952
1585695012
1585695072
1585695132
1585695192
1585695252
1585695312
1585695372
1585695432
1585695492
1585695552
1585695612
1585695672
1585695732
1585695792
1585695852
1585695912
1585695972
1585696032
1585696092
1585696152
1585696212
1585696272
1585696332
1585696392
1585696452
1585696512
1585696572
1585696632
1585696692
1585696752
1585696812
1585696872
1585696932
1585696992
1585697052
1585697112
1585697172
1585697232
1585697292
1585697352
1585697412
1585697472
1585697532
1585697592
1585697652
1585697712
1585697772
1585697832
1585697892
1585697952
1585698012
1585698072
1585698132
1585698192
1585698252
1585698312
1585698372
1585698432
1585698492
1585698552
1585698612
1585698672
1585698732
1585698792
1585698852
1585698912
1585698972
1585699032
1585699092
1585699152
1585699212
1585699272
1585699332
1585699392
1585699452
1585699512
1585699572
1585699632
1585699692
1585699752
1585699812
1585699872
1585699932
1585699992
1585700052
1585700112
1585700172
1585700232
1585700292
1585700352
1585700412
1585700472
1585700532
1585700592
1585700652
1585700712
1585700772
1585700832
1585700892
1585700952
1585701012
1585701072
1585701132
1585701192
1585701252
1585701312
1585701372
1585701432
1585701492
1585701552
1585701612
1585701672
1585701732
1585701792
1585701852
1585701912
1585701972
1585702032
1585702092
1585702152
1585702212
1585702272
1585702332
1585702392
1585702452
1585702512
1585702572
1585702632
1585702692
1585702752
1585702812
1585702872
1585702932
1585702992
1585703052
1585703112
1585703172
1585703232
1585703292
1585703352
1585703412
1585703472
1585703532
1585703592
1585703652
1585703712
1585703772
1585703832
1585703892
1585703952
1585704012
1585704072
1585704132
1585704192
1585704252
1585704312
1585704372
1585704432
1585704492
1585704552
1585704612
1585704672
1585704732
1585704792
1585704852
1585704912
1585704972
1585705032
1585705092
1585705152
1585705212
1585705272
1585705332
1585705392
1585705452
1585705512
1585705572
1585705632
1585705692
1585705752
1585705812
1585705872
1585705932
1585705992
1585706052
1585706112
1585706172
1585706232
1585706292
1585706352
1585706412
1585706472
1585706532
1585706592
1585706652
1585706712
1585706772
1585706832
1585706892
1585706952
1585707012
1585707072
1585707132
1585707192
1585707252
1585707312
1585707372
1585707432
1585707492
1585707552
1585707612
1585707672
1585707732
1585707792
1585707852
1585707912
1585707972
1585708032
1585708092
1585708152
1585708212
1585708272
Server listening at port 4000
1585713211
1585713271
1585713331
1585713391
1585713451
1585713511
1585713571
1585713631
1585713691
1585713751
1585713811
1585713871
